Arguments: 
  C:\Program Files\nodejs\node.exe C:\Users\neeraj\AppData\Roaming\npm\node_modules\yarn\bin\yarn.js install

PATH: 
  C:\oraclexe\app\oracle\product\11.2.0\server\bin;C:\Python310\Scripts\;C:\Python310\;C:\Program Files\Common Files\Oracle\Java\javapath;C:\Program Files (x86)\Common Files\Oracle\Java\javapath;C:\WINDOWS\system32;C:\WINDOWS;C:\WINDOWS\System32\Wbem;C:\WINDOWS\System32\WindowsPowerShell\v1.0\;C:\WINDOWS\System32\OpenSSH\;C:\Program Files\Java\jdk-16.0.2\bin;C:\Program Files\Java\jdk1.8.0_202\bin;C:\Program Files\Java\jdk1.8.0_202\bin;C:\Program Files\Java\jdk-17.0.1\bin;C:\Program Files\Git\cmd;C:\ProgramData\chocolatey\bin;C:\Program Files\nodejs\;E:\MINGW\bin;C:\Program Files\MySQL\MySQL Shell 8.0\bin\;C:\Users\neeraj\AppData\Local\Microsoft\WindowsApps;C:\Program Files\Java\jdk-16.0.2;C:\Users\neeraj\AppData\Local\Programs\Microsoft VS Code\bin;C:\Users\neeraj\AppData\Roaming\npm;C:\Program Files\MongoDB\Server\5.0\bin;;C:\Program Files\JetBrains\IntelliJ IDEA Community Edition 2022.1.1\bin;

Yarn version: 
  1.22.19

Node version: 
  16.13.2

Platform: 
  win32 x64

Trace: 
  Error: https://registry.yarnpkg.com/rect-identicons: Not found
      at Request.params.callback [as _callback] (C:\Users\neeraj\AppData\Roaming\npm\node_modules\yarn\lib\cli.js:66145:18)
      at Request.self.callback (C:\Users\neeraj\AppData\Roaming\npm\node_modules\yarn\lib\cli.js:140890:22)
      at Request.emit (node:events:390:28)
      at Request.<anonymous> (C:\Users\neeraj\AppData\Roaming\npm\node_modules\yarn\lib\cli.js:141862:10)
      at Request.emit (node:events:390:28)
      at IncomingMessage.<anonymous> (C:\Users\neeraj\AppData\Roaming\npm\node_modules\yarn\lib\cli.js:141784:12)
      at Object.onceWrapper (node:events:509:28)
      at IncomingMessage.emit (node:events:402:35)
      at endReadableNT (node:internal/streams/readable:1343:12)
      at processTicksAndRejections (node:internal/process/task_queues:83:21)

npm manifest: 
  {
    "name": "TimelessNFTs",
    "private": true,
    "version": "0.0.0",
    "scripts": {
      "start": "react-app-rewired start",
      "build": "react-app-rewired build",
      "test": "react-app-rewired test",
      "eject": "react-scripts eject"
    },
    "dependencies": {
      "ipfs-http-client": "^59.0.0",
      "react": "^17.0.2",
      "react-dom": "^17.0.2",
      "react-hooks-global-state": "^1.0.2",
      "react-icons": "^4.3.1",
      "rect-identicons":"^1.2.5",
      "react-router-dom": "6",
      "react-scripts": "5.0.0",
      "web-vitals": "^2.1.4",
      "web3": "^1.7.1"
    },
    "devDependencies": {
      "@openzeppelin/contracts": "^4.5.0",
      "@tailwindcss/forms": "0.4.0",
      "@truffle/hdwallet-provider": "^2.0.4",
      "assert": "^2.0.0",
      "autoprefixer": "10.4.2",
      "babel-polyfill": "^6.26.0",
      "babel-preset-env": "^1.7.0",
      "babel-preset-es2015": "^6.24.1",
      "babel-preset-stage-2": "^6.24.1",
      "babel-preset-stage-3": "^6.24.1",
      "babel-register": "^6.26.0",
      "buffer": "^6.0.3",
      "chai": "^4.3.6",
      "chai-as-promised": "^7.1.1",
      "crypto-browserify": "^3.12.0",
      "dotenv": "^16.0.0",
      "https-browserify": "^1.0.0",
      "mnemonics": "^1.1.3",
      "os-browserify": "^0.3.0",
      "postcss": "8.4.5",
      "process": "^0.11.10",
      "react-app-rewired": "^2.1.11",
      "stream-browserify": "^3.0.0",
      "stream-http": "^3.2.0",
      "tailwindcss": "3.0.18",
      "url": "^0.11.0"
    },
    "browserslist": {
      "production": [
        ">0.2%",
        "not dead",
        "not op_mini all"
      ],
      "development": [
        "last 1 chrome version",
        "last 1 firefox version",
        "last 1 safari version"
      ]
    }
  }

yarn manifest: 
  No manifest

Lockfile: 
  No lockfile
